--------------------------------------------------------------------------------
CPU name:	Intel(R) Core(TM) i5-7500 CPU @ 3.40GHz
CPU type:	Intel Coffeelake processor
CPU clock:	3.41 GHz
--------------------------------------------------------------------------------
GAUSS INTERVALAR
[                11.000000,                 11.000000] [             21368.999999,              21369.000000] [          41529980.999999,           41529981.000000] 
[             21368.999999,              21369.000000] [          41529980.999999,           41529981.000000] [       80746505054.999923,        80746505055.000076] 
[          41529980.999999,           41529981.000000] [       80746505054.999923,        80746505055.000076] [   157061074992272.843750,    157061074992273.156250] 
aplha0=[750.899999, 750.900000]
aplha1=[1479779.599999, 1479779.600000]
aplha2=[2916759607.399997, 2916759607.400001]



====================>
[          41529981.000000,           41529981.000001] [       80746505054.999924,        80746505055.000077] [   157061074992272.843750,    157061074992273.156250] 
[                 0.000000,                  0.000000] [               -18.237225,                -18.237225] [            -70611.711925,             -70611.711925] 
[                 0.000000,                  0.000000] [                 0.000000,                  0.000000] [             -5222.781785,              -5222.779348] 
aplha0=[46044.740318, 46044.809449]
aplha1=[-48.716292, -48.716268]
aplha2=[0.012889, 0.012889]

Tempo de execução: 0.013705
Residuo: [2871026.348731,2871026.348293]



====================
--------------------------------------------------------------------------------
Region EliminacaoGaussIntervalar, Group 1: ENERGY
+-------------------+----------+
|    Region Info    |  Core 3  |
+-------------------+----------+
| RDTSC Runtime [s] | 0.000069 |
|     call count    |        1 |
+-------------------+----------+

+-----------------------+---------+--------+
|         Event         | Counter | Core 3 |
+-----------------------+---------+--------+
|   INSTR_RETIRED_ANY   |  FIXC0  | 296093 |
| CPU_CLK_UNHALTED_CORE |  FIXC1  | 223912 |
|  CPU_CLK_UNHALTED_REF |  FIXC2  | 201214 |
|       TEMP_CORE       |   TMP0  |    191 |
|     PWR_PKG_ENERGY    |   PWR0  | 0.0105 |
|     PWR_PP0_ENERGY    |   PWR1  | 0.0024 |
|     PWR_PP1_ENERGY    |   PWR2  |      0 |
|    PWR_DRAM_ENERGY    |   PWR3  | 0.0003 |
+-----------------------+---------+--------+

+----------------------+-----------+
|        Metric        |   Core 3  |
+----------------------+-----------+
|  Runtime (RDTSC) [s] |    0.0001 |
| Runtime unhalted [s] |    0.0001 |
|      Clock [MHz]     | 3791.3823 |
|          CPI         |    0.7562 |
|    Temperature [C]   |       191 |
|      Energy [J]      |    0.0105 |
|       Power [W]      |  151.9336 |
|    Energy PP0 [J]    |    0.0024 |
|     Power PP0 [W]    |   34.4501 |
|    Energy PP1 [J]    |         0 |
|     Power PP1 [W]    |         0 |
|    Energy DRAM [J]   |    0.0003 |
|    Power DRAM [W]    |    4.4167 |
+----------------------+-----------+

