--------------------------------------------------------------------------------
CPU name:	Intel(R) Core(TM) i5-7500 CPU @ 3.40GHz
CPU type:	Intel Coffeelake processor
CPU clock:	3.41 GHz
--------------------------------------------------------------------------------
GAUSS INTERVALAR
[                11.000000,                 11.000000] [             21368.999999,              21369.000000] [          41529980.999999,           41529981.000000] 
[             21368.999999,              21369.000000] [          41529980.999999,           41529981.000000] [       80746505054.999923,        80746505055.000076] 
[          41529980.999999,           41529981.000000] [       80746505054.999923,        80746505055.000076] [   157061074992272.843750,    157061074992273.156250] 
aplha0=[750.899999, 750.900000]
aplha1=[1479779.599999, 1479779.600000]
aplha2=[2916759607.399997, 2916759607.400001]



====================>
[          41529981.000000,           41529981.000001] [       80746505054.999924,        80746505055.000077] [   157061074992272.843750,    157061074992273.156250] 
[                 0.000000,                  0.000000] [               -18.237225,                -18.237225] [            -70611.711925,             -70611.711925] 
[                 0.000000,                  0.000000] [                 0.000000,                  0.000000] [             -5222.781785,              -5222.779348] 
aplha0=[46044.740318, 46044.809449]
aplha1=[-48.716292, -48.716268]
aplha2=[0.012889, 0.012889]

Tempo de execução: 0.034334
Residuo: [2871026.348731,2871026.348293]



====================
--------------------------------------------------------------------------------
Region EliminacaoGaussIntervalar, Group 1: FLOPS_DP
+-------------------+----------+
|    Region Info    |  Core 3  |
+-------------------+----------+
| RDTSC Runtime [s] | 0.000111 |
|     call count    |        1 |
+-------------------+----------+

+------------------------------------------+---------+--------+
|                   Event                  | Counter | Core 3 |
+------------------------------------------+---------+--------+
|             INSTR_RETIRED_ANY            |  FIXC0  | 295255 |
|           CPU_CLK_UNHALTED_CORE          |  FIXC1  | 249811 |
|           CPU_CLK_UNHALTED_REF           |  FIXC2  | 231744 |
| FP_ARITH_INST_RETIRED_128B_PACKED_DOUBLE |   PMC0  |      0 |
|    FP_ARITH_INST_RETIRED_SCALAR_DOUBLE   |   PMC1  |  20728 |
| FP_ARITH_INST_RETIRED_256B_PACKED_DOUBLE |   PMC2  |      0 |
+------------------------------------------+---------+--------+

+----------------------+-----------+
|        Metric        |   Core 3  |
+----------------------+-----------+
|  Runtime (RDTSC) [s] |    0.0001 |
| Runtime unhalted [s] |    0.0001 |
|      Clock [MHz]     | 3672.3426 |
|          CPI         |    0.8461 |
|      DP MFLOP/s      |  186.2685 |
|    AVX DP MFLOP/s    |         0 |
|    Packed MUOPS/s    |         0 |
|    Scalar MUOPS/s    |  186.2685 |
|  Vectorization ratio |         0 |
+----------------------+-----------+

