--------------------------------------------------------------------------------
CPU name:	Intel(R) Core(TM) i5-7500 CPU @ 3.40GHz
CPU type:	Intel Coffeelake processor
CPU clock:	3.41 GHz
--------------------------------------------------------------------------------
1. Eliminação Gauss
x1= -5.000000 
x2= 35.000000 
x3= 10.000000 
x4= -20.000000 
x5= 1.666667 
x6= 35.000000 
x7= -0.000000 
x8= -20.000000 
x9= 3.333333 
x10= 30.000000 
x11= -0.000000 
x12= -0.000000 
x13= -3.333333 
x14= 30.000000 
x15= 20.000000 
x16= -6.666667 
x17= 20.000000 
Tempo de execução: 0.216707
Residuo: 0.000000

2. Eliminação Gauss sem multplicador
x1= -nan 
x2= -nan 
x3= -nan 
x4= -nan 
x5= -nan 
x6= -nan 
x7= -nan 
x8= -nan 
x9= -nan 
x10= -nan 
x11= -nan 
x12= -nan 
x13= -nan 
x14= -nan 
x15= -nan 
x16= -nan 
x17= -nan 
Tempo de execução: 0.267783
Residuo: 0.000000

3. Eliminação Gauss Alternativa
x1= -nan 
x2= -nan 
x3= -nan 
x4= -nan 
x5= -nan 
x6= -nan 
x7= -nan 
x8= -nan 
x9= -nan 
x10= -nan 
x11= -nan 
x12= -nan 
x13= -nan 
x14= -nan 
x15= -nan 
x16= -nan 
x17= -nan 
Tempo de execução: 0.218666
Residuo: 0.000000

--------------------------------------------------------------------------------
Region EliminacaoGauss, Group 1: FLOPS_DP
+-------------------+----------+
|    Region Info    |  Core 3  |
+-------------------+----------+
| RDTSC Runtime [s] | 0.000008 |
|     call count    |        1 |
+-------------------+----------+

+------------------------------------------+---------+--------+
|                   Event                  | Counter | Core 3 |
+------------------------------------------+---------+--------+
|             INSTR_RETIRED_ANY            |  FIXC0  |  86329 |
|           CPU_CLK_UNHALTED_CORE          |  FIXC1  |  39664 |
|           CPU_CLK_UNHALTED_REF           |  FIXC2  |  36068 |
| FP_ARITH_INST_RETIRED_128B_PACKED_DOUBLE |   PMC0  |      0 |
|    FP_ARITH_INST_RETIRED_SCALAR_DOUBLE   |   PMC1  |   3716 |
| FP_ARITH_INST_RETIRED_256B_PACKED_DOUBLE |   PMC2  |      0 |
+------------------------------------------+---------+--------+

+----------------------+--------------+
|        Metric        |    Core 3    |
+----------------------+--------------+
|  Runtime (RDTSC) [s] | 7.779540e-06 |
| Runtime unhalted [s] | 1.163834e-05 |
|      Clock [MHz]     |    3747.8309 |
|          CPI         |       0.4595 |
|      DP MFLOP/s      |     477.6632 |
|    AVX DP MFLOP/s    |            0 |
|    Packed MUOPS/s    |            0 |
|    Scalar MUOPS/s    |     477.6632 |
|  Vectorization ratio |            0 |
+----------------------+--------------+

Region EliminacaoGaussSemMultiplicador, Group 1: FLOPS_DP
+-------------------+----------+
|    Region Info    |  Core 3  |
+-------------------+----------+
| RDTSC Runtime [s] | 0.000009 |
|     call count    |        1 |
+-------------------+----------+

+------------------------------------------+---------+--------+
|                   Event                  | Counter | Core 3 |
+------------------------------------------+---------+--------+
|             INSTR_RETIRED_ANY            |  FIXC0  | 116550 |
|           CPU_CLK_UNHALTED_CORE          |  FIXC1  |  43883 |
|           CPU_CLK_UNHALTED_REF           |  FIXC2  |  39760 |
| FP_ARITH_INST_RETIRED_128B_PACKED_DOUBLE |   PMC0  |      0 |
|    FP_ARITH_INST_RETIRED_SCALAR_DOUBLE   |   PMC1  |   5212 |
| FP_ARITH_INST_RETIRED_256B_PACKED_DOUBLE |   PMC2  |      0 |
+------------------------------------------+---------+--------+

+----------------------+--------------+
|        Metric        |    Core 3    |
+----------------------+--------------+
|  Runtime (RDTSC) [s] | 9.205154e-06 |
| Runtime unhalted [s] | 1.287629e-05 |
|      Clock [MHz]     |    3761.4516 |
|          CPI         |       0.3765 |
|      DP MFLOP/s      |     566.2045 |
|    AVX DP MFLOP/s    |            0 |
|    Packed MUOPS/s    |            0 |
|    Scalar MUOPS/s    |     566.2045 |
|  Vectorization ratio |            0 |
+----------------------+--------------+

Region EliminacaoGaussAlternativa, Group 1: FLOPS_DP
+-------------------+----------+
|    Region Info    |  Core 3  |
+-------------------+----------+
| RDTSC Runtime [s] | 0.000007 |
|     call count    |        1 |
+-------------------+----------+

+------------------------------------------+---------+--------+
|                   Event                  | Counter | Core 3 |
+------------------------------------------+---------+--------+
|             INSTR_RETIRED_ANY            |  FIXC0  |  82129 |
|           CPU_CLK_UNHALTED_CORE          |  FIXC1  |  33714 |
|           CPU_CLK_UNHALTED_REF           |  FIXC2  |  30388 |
| FP_ARITH_INST_RETIRED_128B_PACKED_DOUBLE |   PMC0  |      0 |
|    FP_ARITH_INST_RETIRED_SCALAR_DOUBLE   |   PMC1  |   3886 |
| FP_ARITH_INST_RETIRED_256B_PACKED_DOUBLE |   PMC2  |      0 |
+------------------------------------------+---------+--------+

+----------------------+--------------+
|        Metric        |    Core 3    |
+----------------------+--------------+
|  Runtime (RDTSC) [s] | 6.579889e-06 |
| Runtime unhalted [s] | 9.892470e-06 |
|      Clock [MHz]     |    3781.0612 |
|          CPI         |       0.4105 |
|      DP MFLOP/s      |     590.5875 |
|    AVX DP MFLOP/s    |            0 |
|    Packed MUOPS/s    |            0 |
|    Scalar MUOPS/s    |     590.5875 |
|  Vectorization ratio |            0 |
+----------------------+--------------+

